<?xml version="1.0" encoding="UTF-8"?>
<!-- Generated by org.testng.reporters.JUnitReportReporter -->
<testsuite hostname="IN-JFJ9WP3" failures="0" tests="1" name="smokeBE.postCallTestcases" time="24.895" errors="0" timestamp="2024-01-16T15:49:34 IST" skipped="0">
  <testcase classname="smokeBE.postCallTestcases" name="validateNamePostAPI" time="24.895"/>
  <system-out/>
</testsuite> <!-- smokeBE.postCallTestcases -->
