<?xml version="1.0" encoding="UTF-8"?>
<!-- Generated by org.testng.reporters.JUnitReportReporter -->
<testsuite hostname="IN-JFJ9WP3" failures="0" tests="1" name="smoke.signup" time="11.551" errors="0" timestamp="2023-06-03T20:31:41 IST" skipped="0">
  <testcase classname="smoke.signup" name="launchSignupPage" time="11.551"/>
  <system-out/>
</testsuite> <!-- smoke.signup -->
