<?xml version="1.0" encoding="UTF-8"?>
<!-- Generated by org.testng.reporters.JUnitReportReporter -->
<testsuite hostname="IN-JFJ9WP3" failures="0" tests="1" name="smoke.LoginTest" time="5.279" errors="0" timestamp="2023-05-30T21:29:16 IST" skipped="0">
  <testcase classname="smoke.LoginTest" name="launchWebPage" time="5.279"/>
  <system-out/>
</testsuite> <!-- smoke.LoginTest -->
